7806  08:43:55.564372 execve("/usr/bin/cat", ["cat", "/etc/passwd"], 0x7ffc5cce94f8 /* 50 vars */) = 0
7806  08:43:55.565261 brk(NULL)         = 0x5eb3cd9e5000
7806  08:43:55.566597 mmap(NULL, 8192, PROT_READ|PROT_WRITE, MAP_PRIVATE|MAP_ANONYMOUS, -1, 0) = 0x76894484d000
7806  08:43:55.566730 access("/etc/ld.so.preload", R_OK) = -1 ENOENT (No such file or directory)
7806  08:43:55.567029 openat(AT_FDCWD, "/etc/ld.so.cache", O_RDONLY|O_CLOEXEC) = 3
7806  08:43:55.567178 fstat(3, {st_mode=S_IFREG|0644, st_size=71031, ...}) = 0
7806  08:43:55.567277 mmap(NULL, 71031, PROT_READ, MAP_PRIVATE, 3, 0) = 0x76894483b000
7806  08:43:55.567416 close(3)          = 0
7806  08:43:55.567535 openat(AT_FDCWD, "/lib/x86_64-linux-gnu/libc.so.6", O_RDONLY|O_CLOEXEC) = 3
7806  08:43:55.567766 read(3, "\177ELF\2\1\1\3\0\0\0\0\0\0\0\0\3\0>\0\1\0\0\0\220\243\2\0\0\0\0\0@\0\0\0\0\0\0\0\20^ \0\0\0\0\0\0\0\0\0@\08\0\16\0@\0@\0?\0\6\0\0\0\4\0\0\0@\0\0\0\0\0\0\0@\0\0\0\0\0\0\0@\0\0\0\0\0\0\0\20\3\0\0\0\0\0\0\20\3\0\0\0\0\0\0\10\0\0\0\0\0\0\0\3\0\0\0\4\0\0\0\240g\35\0\0\0\0\0\240g\35\0\0\0\0\0\240g\35\0\0\0\0\0\34\0\0\0\0\0\0\0\34\0\0\0\0\0\0\0\20\0\0\0\0\0\0\0\1\0\0\0\4\0\0\0\0\0\0\0\0\0\0\0\0\0\0\0\0\0\0\0"..., 832) = 832
7806  08:43:55.567880 pread64(3, "\6\0\0\0\4\0\0\0@\0\0\0\0\0\0\0@\0\0\0\0\0\0\0@\0\0\0\0\0\0\0\20\3\0\0\0\0\0\0\20\3\0\0\0\0\0\0\10\0\0\0\0\0\0\0\3\0\0\0\4\0\0\0\240g\35\0\0\0\0\0\240g\35\0\0\0\0\0\240g\35\0\0\0\0\0\34\0\0\0\0\0\0\0\34\0\0\0\0\0\0\0\20\0\0\0\0\0\0\0\1\0\0\0\4\0\0\0\0\0\0\0\0\0\0\0\0\0\0\0\0\0\0\0\0\0\0\0\0\0\0\0\220s\2\0\0\0\0\0\220s\2\0\0\0\0\0\0\20\0\0\0\0\0\0\1\0\0\0\5\0\0\0\0\200\2\0\0\0\0\0\0\200\2\0\0\0\0\0\0\200\2\0\0\0\0\0"..., 784, 64) = 784
7806  08:43:55.567993 fstat(3, {st_mode=S_IFREG|0755, st_size=2125328, ...}) = 0
7806  08:43:55.568132 pread64(3, "\6\0\0\0\4\0\0\0@\0\0\0\0\0\0\0@\0\0\0\0\0\0\0@\0\0\0\0\0\0\0\20\3\0\0\0\0\0\0\20\3\0\0\0\0\0\0\10\0\0\0\0\0\0\0\3\0\0\0\4\0\0\0\240g\35\0\0\0\0\0\240g\35\0\0\0\0\0\240g\35\0\0\0\0\0\34\0\0\0\0\0\0\0\34\0\0\0\0\0\0\0\20\0\0\0\0\0\0\0\1\0\0\0\4\0\0\0\0\0\0\0\0\0\0\0\0\0\0\0\0\0\0\0\0\0\0\0\0\0\0\0\220s\2\0\0\0\0\0\220s\2\0\0\0\0\0\0\20\0\0\0\0\0\0\1\0\0\0\5\0\0\0\0\200\2\0\0\0\0\0\0\200\2\0\0\0\0\0\0\200\2\0\0\0\0\0"..., 784, 64) = 784
7806  08:43:55.568227 mmap(NULL, 2170256, PROT_READ, MAP_PRIVATE|MAP_DENYWRITE, 3, 0) = 0x768944600000
7806  08:43:55.568344 mmap(0x768944628000, 1605632, PROT_READ|PROT_EXEC, MAP_PRIVATE|MAP_FIXED|MAP_DENYWRITE, 3, 0x28000) = 0x768944628000
7806  08:43:55.568463 mmap(0x7689447b0000, 323584, PROT_READ, MAP_PRIVATE|MAP_FIXED|MAP_DENYWRITE, 3, 0x1b0000) = 0x7689447b0000
7806  08:43:55.568586 mmap(0x7689447ff000, 24576, PROT_READ|PROT_WRITE, MAP_PRIVATE|MAP_FIXED|MAP_DENYWRITE, 3, 0x1fe000) = 0x7689447ff000
7806  08:43:55.568719 mmap(0x768944805000, 52624, PROT_READ|PROT_WRITE, MAP_PRIVATE|MAP_FIXED|MAP_ANONYMOUS, -1, 0) = 0x768944805000
7806  08:43:55.568843 close(3)          = 0
7806  08:43:55.569028 mmap(NULL, 12288, PROT_READ|PROT_WRITE, MAP_PRIVATE|MAP_ANONYMOUS, -1, 0) = 0x768944838000
7806  08:43:55.569182 arch_prctl(ARCH_SET_FS, 0x768944838740) = 0
7806  08:43:55.569303 set_tid_address(0x768944838a10) = 7806
7806  08:43:55.569415 set_robust_list(0x768944838a20, 24) = 0
7806  08:43:55.569497 rseq(0x768944839060, 0x20, 0, 0x53053053) = 0
7806  08:43:55.569711 mprotect(0x7689447ff000, 16384, PROT_READ) = 0
7806  08:43:55.569864 mprotect(0x5eb3b06c6000, 4096, PROT_READ) = 0
7806  08:43:55.570074 mprotect(0x76894488d000, 8192, PROT_READ) = 0
7806  08:43:55.570233 prlimit64(0, RLIMIT_STACK, NULL, {rlim_cur=8192*1024, rlim_max=RLIM64_INFINITY}) = 0
7806  08:43:55.570347 munmap(0x76894483b000, 71031) = 0
7806  08:43:55.570478 getrandom("\x91\xb1\x2c\x40\xba\xef\x44\xcf", 8, GRND_NONBLOCK) = 8
7806  08:43:55.570577 brk(NULL)         = 0x5eb3cd9e5000
7806  08:43:55.570672 brk(0x5eb3cda06000) = 0x5eb3cda06000
7806  08:43:55.570798 openat(AT_FDCWD, "/usr/lib/locale/locale-archive", O_RDONLY|O_CLOEXEC) = 3
7806  08:43:55.570889 fstat(3, {st_mode=S_IFREG|0644, st_size=5719296, ...}) = 0
7806  08:43:55.570974 mmap(NULL, 5719296, PROT_READ, MAP_PRIVATE, 3, 0) = 0x768944000000
7806  08:43:55.571089 close(3)          = 0
7806  08:43:55.571242 fstat(1, {st_mode=S_IFCHR|0666, st_rdev=makedev(0x1, 0x3), ...}) = 0
7806  08:43:55.571354 openat(AT_FDCWD, "/etc/passwd", O_RDONLY) = 3
7806  08:43:55.571449 fstat(3, {st_mode=S_IFREG|0644, st_size=2912, ...}) = 0
7806  08:43:55.571535 fadvise64(3, 0, 0, POSIX_FADV_SEQUENTIAL) = 0
7806  08:43:55.571651 mmap(NULL, 139264, PROT_READ|PROT_WRITE, MAP_PRIVATE|MAP_ANONYMOUS, -1, 0) = 0x768944816000
7806  08:43:55.571750 read(3, "root:x:0:0:root:/root:/bin/bash\ndaemon:x:1:1:daemon:/usr/sbin:/usr/sbin/nologin\nbin:x:2:2:bin:/bin:/usr/sbin/nologin\nsys:x:3:3:sys:/dev:/usr/sbin/nologin\nsync:x:4:65534:sync:/bin:/bin/sync\ngames:x:5:6"..., 131072) = 2912
7806  08:43:55.571843 write(1, "root:x:0:0:root:/root:/bin/bash\ndaemon:x:1:1:daemon:/usr/sbin:/usr/sbin/nologin\nbin:x:2:2:bin:/bin:/usr/sbin/nologin\nsys:x:3:3:sys:/dev:/usr/sbin/nologin\nsync:x:4:65534:sync:/bin:/bin/sync\ngames:x:5:6"..., 2912) = 2912
7806  08:43:55.571914 read(3, "", 131072) = 0
7806  08:43:55.571972 munmap(0x768944816000, 139264) = 0
7806  08:43:55.572062 close(3)          = 0
7806  08:43:55.572143 close(1)          = 0
7806  08:43:55.572230 close(2)          = 0
7806  08:43:55.572320 exit_group(0)     = ?
7806  08:43:55.572456 +++ exited with 0 +++
