8469  09:29:41.739385 execve("/usr/bin/cat", ["cat", "/etc/shadow"], 0x7ffd54c2ff08 /* 17 vars */) = 0
8469  09:29:41.740096 brk(NULL)         = 0x652569441000
8469  09:29:41.740903 mmap(NULL, 8192, PROT_READ|PROT_WRITE, MAP_PRIVATE|MAP_ANONYMOUS, -1, 0) = 0x7e5e440c9000
8469  09:29:41.741060 access("/etc/ld.so.preload", R_OK) = -1 ENOENT (No such file or directory)
8469  09:29:41.741252 openat(AT_FDCWD, "/etc/ld.so.cache", O_RDONLY|O_CLOEXEC) = 3
8469  09:29:41.741869 fstat(3, {st_mode=S_IFREG|0644, st_size=71031, ...}) = 0
8469  09:29:41.742032 mmap(NULL, 71031, PROT_READ, MAP_PRIVATE, 3, 0) = 0x7e5e440b7000
8469  09:29:41.742137 close(3)          = 0
8469  09:29:41.742238 openat(AT_FDCWD, "/lib/x86_64-linux-gnu/libc.so.6", O_RDONLY|O_CLOEXEC) = 3
8469  09:29:41.742347 read(3, "\177ELF\2\1\1\3\0\0\0\0\0\0\0\0\3\0>\0\1\0\0\0\220\243\2\0\0\0\0\0@\0\0\0\0\0\0\0\20^ \0\0\0\0\0\0\0\0\0@\08\0\16\0@\0@\0?\0\6\0\0\0\4\0\0\0@\0\0\0\0\0\0\0@\0\0\0\0\0\0\0@\0\0\0\0\0\0\0\20\3\0\0\0\0\0\0\20\3\0\0\0\0\0\0\10\0\0\0\0\0\0\0\3\0\0\0\4\0\0\0\240g\35\0\0\0\0\0\240g\35\0\0\0\0\0\240g\35\0\0\0\0\0\34\0\0\0\0\0\0\0\34\0\0\0\0\0\0\0\20\0\0\0\0\0\0\0\1\0\0\0\4\0\0\0\0\0\0\0\0\0\0\0\0\0\0\0\0\0\0\0"..., 832) = 832
8469  09:29:41.742545 pread64(3, "\6\0\0\0\4\0\0\0@\0\0\0\0\0\0\0@\0\0\0\0\0\0\0@\0\0\0\0\0\0\0\20\3\0\0\0\0\0\0\20\3\0\0\0\0\0\0\10\0\0\0\0\0\0\0\3\0\0\0\4\0\0\0\240g\35\0\0\0\0\0\240g\35\0\0\0\0\0\240g\35\0\0\0\0\0\34\0\0\0\0\0\0\0\34\0\0\0\0\0\0\0\20\0\0\0\0\0\0\0\1\0\0\0\4\0\0\0\0\0\0\0\0\0\0\0\0\0\0\0\0\0\0\0\0\0\0\0\0\0\0\0\220s\2\0\0\0\0\0\220s\2\0\0\0\0\0\0\20\0\0\0\0\0\0\1\0\0\0\5\0\0\0\0\200\2\0\0\0\0\0\0\200\2\0\0\0\0\0\0\200\2\0\0\0\0\0"..., 784, 64) = 784
8469  09:29:41.742848 fstat(3, {st_mode=S_IFREG|0755, st_size=2125328, ...}) = 0
8469  09:29:41.743083 pread64(3, "\6\0\0\0\4\0\0\0@\0\0\0\0\0\0\0@\0\0\0\0\0\0\0@\0\0\0\0\0\0\0\20\3\0\0\0\0\0\0\20\3\0\0\0\0\0\0\10\0\0\0\0\0\0\0\3\0\0\0\4\0\0\0\240g\35\0\0\0\0\0\240g\35\0\0\0\0\0\240g\35\0\0\0\0\0\34\0\0\0\0\0\0\0\34\0\0\0\0\0\0\0\20\0\0\0\0\0\0\0\1\0\0\0\4\0\0\0\0\0\0\0\0\0\0\0\0\0\0\0\0\0\0\0\0\0\0\0\0\0\0\0\220s\2\0\0\0\0\0\220s\2\0\0\0\0\0\0\20\0\0\0\0\0\0\1\0\0\0\5\0\0\0\0\200\2\0\0\0\0\0\0\200\2\0\0\0\0\0\0\200\2\0\0\0\0\0"..., 784, 64) = 784
8469  09:29:41.743187 mmap(NULL, 2170256, PROT_READ, MAP_PRIVATE|MAP_DENYWRITE, 3, 0) = 0x7e5e43e00000
8469  09:29:41.743292 mmap(0x7e5e43e28000, 1605632, PROT_READ|PROT_EXEC, MAP_PRIVATE|MAP_FIXED|MAP_DENYWRITE, 3, 0x28000) = 0x7e5e43e28000
8469  09:29:41.743398 mmap(0x7e5e43fb0000, 323584, PROT_READ, MAP_PRIVATE|MAP_FIXED|MAP_DENYWRITE, 3, 0x1b0000) = 0x7e5e43fb0000
8469  09:29:41.743501 mmap(0x7e5e43fff000, 24576, PROT_READ|PROT_WRITE, MAP_PRIVATE|MAP_FIXED|MAP_DENYWRITE, 3, 0x1fe000) = 0x7e5e43fff000
8469  09:29:41.743624 mmap(0x7e5e44005000, 52624, PROT_READ|PROT_WRITE, MAP_PRIVATE|MAP_FIXED|MAP_ANONYMOUS, -1, 0) = 0x7e5e44005000
8469  09:29:41.743715 close(3)          = 0
8469  09:29:41.743844 mmap(NULL, 12288, PROT_READ|PROT_WRITE, MAP_PRIVATE|MAP_ANONYMOUS, -1, 0) = 0x7e5e440b4000
8469  09:29:41.743947 arch_prctl(ARCH_SET_FS, 0x7e5e440b4740) = 0
8469  09:29:41.744042 set_tid_address(0x7e5e440b4a10) = 8469
8469  09:29:41.744124 set_robust_list(0x7e5e440b4a20, 24) = 0
8469  09:29:41.744334 rseq(0x7e5e440b5060, 0x20, 0, 0x53053053) = 0
8469  09:29:41.744481 mprotect(0x7e5e43fff000, 16384, PROT_READ) = 0
8469  09:29:41.744563 mprotect(0x652542eef000, 4096, PROT_READ) = 0
8469  09:29:41.744665 mprotect(0x7e5e44109000, 8192, PROT_READ) = 0
8469  09:29:41.744766 prlimit64(0, RLIMIT_STACK, NULL, {rlim_cur=8192*1024, rlim_max=RLIM64_INFINITY}) = 0
8469  09:29:41.744852 munmap(0x7e5e440b7000, 71031) = 0
8469  09:29:41.744959 getrandom("\xdf\xf9\x1f\x6c\x5e\xfa\x35\xcd", 8, GRND_NONBLOCK) = 8
8469  09:29:41.745064 brk(NULL)         = 0x652569441000
8469  09:29:41.745157 brk(0x652569462000) = 0x652569462000
8469  09:29:41.745238 openat(AT_FDCWD, "/usr/lib/locale/locale-archive", O_RDONLY|O_CLOEXEC) = 3
8469  09:29:41.745450 fstat(3, {st_mode=S_IFREG|0644, st_size=5719296, ...}) = 0
8469  09:29:41.745774 mmap(NULL, 5719296, PROT_READ, MAP_PRIVATE, 3, 0) = 0x7e5e43800000
8469  09:29:41.745899 close(3)          = 0
8469  09:29:41.746034 fstat(1, {st_mode=S_IFCHR|0666, st_rdev=makedev(0x1, 0x3), ...}) = 0
8469  09:29:41.746281 openat(AT_FDCWD, "/etc/shadow", O_RDONLY) = 3
8469  09:29:41.746391 fstat(3, {st_mode=S_IFREG|0640, st_size=1355, ...}) = 0
8469  09:29:41.746490 fadvise64(3, 0, 0, POSIX_FADV_SEQUENTIAL) = 0
8469  09:29:41.746588 mmap(NULL, 139264, PROT_READ|PROT_WRITE, MAP_PRIVATE|MAP_ANONYMOUS, -1, 0) = 0x7e5e44092000
8469  09:29:41.747063 read(3, "root:*:20305:0:99999:7:::\ndaemon:*:20305:0:99999:7:::\nbin:*:20305:0:99999:7:::\nsys:*:20305:0:99999:7:::\nsync:*:20305:0:99999:7:::\ngames:*:20305:0:99999:7:::\nman:*:20305:0:99999:7:::\nlp:*:20305:0:99999"..., 131072) = 1355
8469  09:29:41.747190 write(1, "root:*:20305:0:99999:7:::\ndaemon:*:20305:0:99999:7:::\nbin:*:20305:0:99999:7:::\nsys:*:20305:0:99999:7:::\nsync:*:20305:0:99999:7:::\ngames:*:20305:0:99999:7:::\nman:*:20305:0:99999:7:::\nlp:*:20305:0:99999"..., 1355) = 1355
8469  09:29:41.747309 read(3, "", 131072) = 0
8469  09:29:41.747396 munmap(0x7e5e44092000, 139264) = 0
8469  09:29:41.747500 close(3)          = 0
8469  09:29:41.747615 close(1)          = 0
8469  09:29:41.747703 close(2)          = 0
8469  09:29:41.747818 exit_group(0)     = ?
8469  09:29:41.748116 +++ exited with 0 +++
