6123  08:03:12.338787 execve("./launch_shell", ["./launch_shell"], 0x7ffc654db6e0 /* 49 vars */) = 0
6123  08:03:12.339571 brk(NULL)         = 0x5ec21c369000
6123  08:03:12.340170 mmap(NULL, 8192, PROT_READ|PROT_WRITE, MAP_PRIVATE|MAP_ANONYMOUS, -1, 0) = 0x77ed59f22000
6123  08:03:12.340328 access("/etc/ld.so.preload", R_OK) = -1 ENOENT (No such file or directory)
6123  08:03:12.340515 openat(AT_FDCWD, "/etc/ld.so.cache", O_RDONLY|O_CLOEXEC) = 3
6123  08:03:12.340639 fstat(3, {st_mode=S_IFREG|0644, st_size=71031, ...}) = 0
6123  08:03:12.340758 mmap(NULL, 71031, PROT_READ, MAP_PRIVATE, 3, 0) = 0x77ed59f10000
6123  08:03:12.340855 close(3)          = 0
6123  08:03:12.340974 openat(AT_FDCWD, "/lib/x86_64-linux-gnu/libc.so.6", O_RDONLY|O_CLOEXEC) = 3
6123  08:03:12.341066 read(3, "\177ELF\2\1\1\3\0\0\0\0\0\0\0\0\3\0>\0\1\0\0\0\220\243\2\0\0\0\0\0@\0\0\0\0\0\0\0\20^ \0\0\0\0\0\0\0\0\0@\08\0\16\0@\0@\0?\0\6\0\0\0\4\0\0\0@\0\0\0\0\0\0\0@\0\0\0\0\0\0\0@\0\0\0\0\0\0\0\20\3\0\0\0\0\0\0\20\3\0\0\0\0\0\0\10\0\0\0\0\0\0\0\3\0\0\0\4\0\0\0\240g\35\0\0\0\0\0\240g\35\0\0\0\0\0\240g\35\0\0\0\0\0\34\0\0\0\0\0\0\0\34\0\0\0\0\0\0\0\20\0\0\0\0\0\0\0\1\0\0\0\4\0\0\0\0\0\0\0\0\0\0\0\0\0\0\0\0\0\0\0"..., 832) = 832
6123  08:03:12.341169 pread64(3, "\6\0\0\0\4\0\0\0@\0\0\0\0\0\0\0@\0\0\0\0\0\0\0@\0\0\0\0\0\0\0\20\3\0\0\0\0\0\0\20\3\0\0\0\0\0\0\10\0\0\0\0\0\0\0\3\0\0\0\4\0\0\0\240g\35\0\0\0\0\0\240g\35\0\0\0\0\0\240g\35\0\0\0\0\0\34\0\0\0\0\0\0\0\34\0\0\0\0\0\0\0\20\0\0\0\0\0\0\0\1\0\0\0\4\0\0\0\0\0\0\0\0\0\0\0\0\0\0\0\0\0\0\0\0\0\0\0\0\0\0\0\220s\2\0\0\0\0\0\220s\2\0\0\0\0\0\0\20\0\0\0\0\0\0\1\0\0\0\5\0\0\0\0\200\2\0\0\0\0\0\0\200\2\0\0\0\0\0\0\200\2\0\0\0\0\0"..., 784, 64) = 784
6123  08:03:12.341264 fstat(3, {st_mode=S_IFREG|0755, st_size=2125328, ...}) = 0
6123  08:03:12.341351 pread64(3, "\6\0\0\0\4\0\0\0@\0\0\0\0\0\0\0@\0\0\0\0\0\0\0@\0\0\0\0\0\0\0\20\3\0\0\0\0\0\0\20\3\0\0\0\0\0\0\10\0\0\0\0\0\0\0\3\0\0\0\4\0\0\0\240g\35\0\0\0\0\0\240g\35\0\0\0\0\0\240g\35\0\0\0\0\0\34\0\0\0\0\0\0\0\34\0\0\0\0\0\0\0\20\0\0\0\0\0\0\0\1\0\0\0\4\0\0\0\0\0\0\0\0\0\0\0\0\0\0\0\0\0\0\0\0\0\0\0\0\0\0\0\220s\2\0\0\0\0\0\220s\2\0\0\0\0\0\0\20\0\0\0\0\0\0\1\0\0\0\5\0\0\0\0\200\2\0\0\0\0\0\0\200\2\0\0\0\0\0\0\200\2\0\0\0\0\0"..., 784, 64) = 784
6123  08:03:12.341441 mmap(NULL, 2170256, PROT_READ, MAP_PRIVATE|MAP_DENYWRITE, 3, 0) = 0x77ed59c00000
6123  08:03:12.341544 mmap(0x77ed59c28000, 1605632, PROT_READ|PROT_EXEC, MAP_PRIVATE|MAP_FIXED|MAP_DENYWRITE, 3, 0x28000) = 0x77ed59c28000
6123  08:03:12.341676 mmap(0x77ed59db0000, 323584, PROT_READ, MAP_PRIVATE|MAP_FIXED|MAP_DENYWRITE, 3, 0x1b0000) = 0x77ed59db0000
6123  08:03:12.341765 mmap(0x77ed59dff000, 24576, PROT_READ|PROT_WRITE, MAP_PRIVATE|MAP_FIXED|MAP_DENYWRITE, 3, 0x1fe000) = 0x77ed59dff000
6123  08:03:12.341959 mmap(0x77ed59e05000, 52624, PROT_READ|PROT_WRITE, MAP_PRIVATE|MAP_FIXED|MAP_ANONYMOUS, -1, 0) = 0x77ed59e05000
6123  08:03:12.342208 close(3)          = 0
6123  08:03:12.342492 mmap(NULL, 12288, PROT_READ|PROT_WRITE, MAP_PRIVATE|MAP_ANONYMOUS, -1, 0) = 0x77ed59f0d000
6123  08:03:12.342748 arch_prctl(ARCH_SET_FS, 0x77ed59f0d740) = 0
6123  08:03:12.342879 set_tid_address(0x77ed59f0da10) = 6123
6123  08:03:12.343106 set_robust_list(0x77ed59f0da20, 24) = 0
6123  08:03:12.343211 rseq(0x77ed59f0e060, 0x20, 0, 0x53053053) = 0
6123  08:03:12.343380 mprotect(0x77ed59dff000, 16384, PROT_READ) = 0
6123  08:03:12.343482 mprotect(0x5ec1e0eee000, 4096, PROT_READ) = 0
6123  08:03:12.343613 mprotect(0x77ed59f62000, 8192, PROT_READ) = 0
6123  08:03:12.343755 prlimit64(0, RLIMIT_STACK, NULL, {rlim_cur=8192*1024, rlim_max=RLIM64_INFINITY}) = 0
6123  08:03:12.343887 munmap(0x77ed59f10000, 71031) = 0
6123  08:03:12.344031 execve("/bin/sh", ["/bin/sh"], NULL) = 0
6123  08:03:12.344377 brk(NULL)         = 0x5e6c701c6000
6123  08:03:12.344941 mmap(NULL, 8192, PROT_READ|PROT_WRITE, MAP_PRIVATE|MAP_ANONYMOUS, -1, 0) = 0x7e5482836000
6123  08:03:12.345045 access("/etc/ld.so.preload", R_OK) = -1 ENOENT (No such file or directory)
6123  08:03:12.345145 openat(AT_FDCWD, "/etc/ld.so.cache", O_RDONLY|O_CLOEXEC) = 3
6123  08:03:12.345258 fstat(3, {st_mode=S_IFREG|0644, st_size=71031, ...}) = 0
6123  08:03:12.345343 mmap(NULL, 71031, PROT_READ, MAP_PRIVATE, 3, 0) = 0x7e5482824000
6123  08:03:12.345425 close(3)          = 0
6123  08:03:12.345518 openat(AT_FDCWD, "/lib/x86_64-linux-gnu/libc.so.6", O_RDONLY|O_CLOEXEC) = 3
6123  08:03:12.345638 read(3, "\177ELF\2\1\1\3\0\0\0\0\0\0\0\0\3\0>\0\1\0\0\0\220\243\2\0\0\0\0\0@\0\0\0\0\0\0\0\20^ \0\0\0\0\0\0\0\0\0@\08\0\16\0@\0@\0?\0\6\0\0\0\4\0\0\0@\0\0\0\0\0\0\0@\0\0\0\0\0\0\0@\0\0\0\0\0\0\0\20\3\0\0\0\0\0\0\20\3\0\0\0\0\0\0\10\0\0\0\0\0\0\0\3\0\0\0\4\0\0\0\240g\35\0\0\0\0\0\240g\35\0\0\0\0\0\240g\35\0\0\0\0\0\34\0\0\0\0\0\0\0\34\0\0\0\0\0\0\0\20\0\0\0\0\0\0\0\1\0\0\0\4\0\0\0\0\0\0\0\0\0\0\0\0\0\0\0\0\0\0\0"..., 832) = 832
6123  08:03:12.345718 pread64(3, "\6\0\0\0\4\0\0\0@\0\0\0\0\0\0\0@\0\0\0\0\0\0\0@\0\0\0\0\0\0\0\20\3\0\0\0\0\0\0\20\3\0\0\0\0\0\0\10\0\0\0\0\0\0\0\3\0\0\0\4\0\0\0\240g\35\0\0\0\0\0\240g\35\0\0\0\0\0\240g\35\0\0\0\0\0\34\0\0\0\0\0\0\0\34\0\0\0\0\0\0\0\20\0\0\0\0\0\0\0\1\0\0\0\4\0\0\0\0\0\0\0\0\0\0\0\0\0\0\0\0\0\0\0\0\0\0\0\0\0\0\0\220s\2\0\0\0\0\0\220s\2\0\0\0\0\0\0\20\0\0\0\0\0\0\1\0\0\0\5\0\0\0\0\200\2\0\0\0\0\0\0\200\2\0\0\0\0\0\0\200\2\0\0\0\0\0"..., 784, 64) = 784
6123  08:03:12.345791 fstat(3, {st_mode=S_IFREG|0755, st_size=2125328, ...}) = 0
6123  08:03:12.345894 pread64(3, "\6\0\0\0\4\0\0\0@\0\0\0\0\0\0\0@\0\0\0\0\0\0\0@\0\0\0\0\0\0\0\20\3\0\0\0\0\0\0\20\3\0\0\0\0\0\0\10\0\0\0\0\0\0\0\3\0\0\0\4\0\0\0\240g\35\0\0\0\0\0\240g\35\0\0\0\0\0\240g\35\0\0\0\0\0\34\0\0\0\0\0\0\0\34\0\0\0\0\0\0\0\20\0\0\0\0\0\0\0\1\0\0\0\4\0\0\0\0\0\0\0\0\0\0\0\0\0\0\0\0\0\0\0\0\0\0\0\0\0\0\0\220s\2\0\0\0\0\0\220s\2\0\0\0\0\0\0\20\0\0\0\0\0\0\1\0\0\0\5\0\0\0\0\200\2\0\0\0\0\0\0\200\2\0\0\0\0\0\0\200\2\0\0\0\0\0"..., 784, 64) = 784
6123  08:03:12.346003 mmap(NULL, 2170256, PROT_READ, MAP_PRIVATE|MAP_DENYWRITE, 3, 0) = 0x7e5482600000
6123  08:03:12.346101 mmap(0x7e5482628000, 1605632, PROT_READ|PROT_EXEC, MAP_PRIVATE|MAP_FIXED|MAP_DENYWRITE, 3, 0x28000) = 0x7e5482628000
6123  08:03:12.346195 mmap(0x7e54827b0000, 323584, PROT_READ, MAP_PRIVATE|MAP_FIXED|MAP_DENYWRITE, 3, 0x1b0000) = 0x7e54827b0000
6123  08:03:12.346294 mmap(0x7e54827ff000, 24576, PROT_READ|PROT_WRITE, MAP_PRIVATE|MAP_FIXED|MAP_DENYWRITE, 3, 0x1fe000) = 0x7e54827ff000
6123  08:03:12.346390 mmap(0x7e5482805000, 52624, PROT_READ|PROT_WRITE, MAP_PRIVATE|MAP_FIXED|MAP_ANONYMOUS, -1, 0) = 0x7e5482805000
6123  08:03:12.346482 close(3)          = 0
6123  08:03:12.346579 mmap(NULL, 12288, PROT_READ|PROT_WRITE, MAP_PRIVATE|MAP_ANONYMOUS, -1, 0) = 0x7e5482821000
6123  08:03:12.346787 arch_prctl(ARCH_SET_FS, 0x7e5482821740) = 0
6123  08:03:12.346842 set_tid_address(0x7e5482821a10) = 6123
6123  08:03:12.346980 set_robust_list(0x7e5482821a20, 24) = 0
6123  08:03:12.347041 rseq(0x7e5482822060, 0x20, 0, 0x53053053) = 0
6123  08:03:12.347174 mprotect(0x7e54827ff000, 16384, PROT_READ) = 0
6123  08:03:12.347280 mprotect(0x5e6c65652000, 8192, PROT_READ) = 0
6123  08:03:12.347418 mprotect(0x7e5482876000, 8192, PROT_READ) = 0
6123  08:03:12.347496 prlimit64(0, RLIMIT_STACK, NULL, {rlim_cur=8192*1024, rlim_max=RLIM64_INFINITY}) = 0
6123  08:03:12.347651 munmap(0x7e5482824000, 71031) = 0
6123  08:03:12.347747 getuid()          = 1000
6123  08:03:12.347839 getgid()          = 1000
6123  08:03:12.347970 getpid()          = 6123
6123  08:03:12.348064 rt_sigaction(SIGCHLD, {sa_handler=0x5e6c65647cd0, sa_mask=~[RTMIN RT_1], sa_flags=SA_RESTORER, sa_restorer=0x7e5482645330}, NULL, 8) = 0
6123  08:03:12.348149 geteuid()         = 1000
6123  08:03:12.348215 getppid()         = 6120
6123  08:03:12.348279 getrandom("\x32\x54\x2b\x77\x78\xe0\x63\xf0", 8, GRND_NONBLOCK) = 8
6123  08:03:12.348335 brk(NULL)         = 0x5e6c701c6000
6123  08:03:12.348386 brk(0x5e6c701e7000) = 0x5e6c701e7000
6123  08:03:12.348448 getcwd("/home/andler-skenty-bertrand/Desktop/Programme_test", 4096) = 52
6123  08:03:12.348509 ioctl(0, TCGETS, {c_iflag=ICRNL|IXON|IUTF8, c_oflag=NL0|CR0|TAB0|BS0|VT0|FF0|OPOST|ONLCR, c_cflag=B38400|CS8|CREAD, c_lflag=ISIG|ICANON|ECHO|ECHOE|ECHOK|IEXTEN|ECHOCTL|ECHOKE, ...}) = 0
6123  08:03:12.348645 ioctl(1, TCGETS, {c_iflag=ICRNL|IXON|IUTF8, c_oflag=NL0|CR0|TAB0|BS0|VT0|FF0|OPOST|ONLCR, c_cflag=B38400|CS8|CREAD, c_lflag=ISIG|ICANON|ECHO|ECHOE|ECHOK|IEXTEN|ECHOCTL|ECHOKE, ...}) = 0
6123  08:03:12.348709 geteuid()         = 1000
6123  08:03:12.348768 getegid()         = 1000
6123  08:03:12.348845 rt_sigaction(SIGINT, NULL, {sa_handler=SIG_DFL, sa_mask=[], sa_flags=0}, 8) = 0
6123  08:03:12.348905 rt_sigaction(SIGINT, {sa_handler=0x5e6c65647cd0, sa_mask=~[RTMIN RT_1], sa_flags=SA_RESTORER, sa_restorer=0x7e5482645330}, NULL, 8) = 0
6123  08:03:12.348964 rt_sigaction(SIGQUIT, NULL, {sa_handler=SIG_DFL, sa_mask=[], sa_flags=0}, 8) = 0
6123  08:03:12.349045 rt_sigaction(SIGQUIT, {sa_handler=SIG_IGN, sa_mask=~[RTMIN RT_1], sa_flags=SA_RESTORER, sa_restorer=0x7e5482645330}, NULL, 8) = 0
6123  08:03:12.349106 rt_sigaction(SIGTERM, NULL, {sa_handler=SIG_DFL, sa_mask=[], sa_flags=0}, 8) = 0
6123  08:03:12.349159 rt_sigaction(SIGTERM, {sa_handler=SIG_IGN, sa_mask=~[RTMIN RT_1], sa_flags=SA_RESTORER, sa_restorer=0x7e5482645330}, NULL, 8) = 0
6123  08:03:12.349252 openat(AT_FDCWD, "/dev/tty", O_RDWR) = 3
6123  08:03:12.349354 fcntl(3, F_DUPFD, 10) = 10
6123  08:03:12.349409 close(3)          = 0
6123  08:03:12.349471 fcntl(10, F_SETFD, FD_CLOEXEC) = 0
6123  08:03:12.349534 ioctl(10, TIOCGPGRP, [6120]) = 0
6123  08:03:12.349812 getpgrp()         = 6120
6123  08:03:12.349945 rt_sigaction(SIGTSTP, NULL, {sa_handler=SIG_DFL, sa_mask=[], sa_flags=0}, 8) = 0
6123  08:03:12.350065 rt_sigaction(SIGTSTP, {sa_handler=SIG_IGN, sa_mask=~[RTMIN RT_1], sa_flags=SA_RESTORER, sa_restorer=0x7e5482645330}, NULL, 8) = 0
6123  08:03:12.350140 rt_sigaction(SIGTTOU, NULL, {sa_handler=SIG_DFL, sa_mask=[], sa_flags=0}, 8) = 0
6123  08:03:12.350200 rt_sigaction(SIGTTOU, {sa_handler=SIG_IGN, sa_mask=~[RTMIN RT_1], sa_flags=SA_RESTORER, sa_restorer=0x7e5482645330}, NULL, 8) = 0
6123  08:03:12.350270 rt_sigaction(SIGTTIN, NULL, {sa_handler=SIG_DFL, sa_mask=[], sa_flags=0}, 8) = 0
6123  08:03:12.350350 rt_sigaction(SIGTTIN, {sa_handler=SIG_DFL, sa_mask=~[RTMIN RT_1], sa_flags=SA_RESTORER, sa_restorer=0x7e5482645330}, NULL, 8) = 0
6123  08:03:12.350414 setpgid(0, 6123)  = 0
6123  08:03:12.350477 rt_sigprocmask(SIG_SETMASK, ~[RTMIN RT_1], NULL, 8) = 0
6123  08:03:12.350549 ioctl(10, TIOCSPGRP, [6123]) = 0
6123  08:03:12.350643 rt_sigprocmask(SIG_SETMASK, [], ~[KILL STOP RTMIN RT_1], 8) = 0
6123  08:03:12.350706 write(2, "$ ", 2) = 2
6123  08:03:12.350790 read(0, 0x5e6c65654ac0, 8192) = -1 EIO (Input/output error)
6123  08:22:11.250190 --- SIGHUP {si_signo=SIGHUP, si_code=SI_KERNEL} ---
6123  08:22:11.250825 +++ killed by SIGHUP +++
