8591  09:37:45.206053 execve("/tmp/tmp_exec", ["/tmp/tmp_exec"], 0x7ffd5a091950 /* 50 vars */) = 0
8591  09:37:45.206661 brk(NULL)         = 0x56c9efaa7000
8591  09:37:45.207210 mmap(NULL, 8192, PROT_READ|PROT_WRITE, MAP_PRIVATE|MAP_ANONYMOUS, -1, 0) = 0x7b3f7ed71000
8591  09:37:45.207415 access("/etc/ld.so.preload", R_OK) = -1 ENOENT (No such file or directory)
8591  09:37:45.207721 openat(AT_FDCWD, "/etc/ld.so.cache", O_RDONLY|O_CLOEXEC) = 3
8591  09:37:45.207994 fstat(3, {st_mode=S_IFREG|0644, st_size=71031, ...}) = 0
8591  09:37:45.208103 mmap(NULL, 71031, PROT_READ, MAP_PRIVATE, 3, 0) = 0x7b3f7ed5f000
8591  09:37:45.208206 close(3)          = 0
8591  09:37:45.208434 openat(AT_FDCWD, "/lib/x86_64-linux-gnu/libc.so.6", O_RDONLY|O_CLOEXEC) = 3
8591  09:37:45.208535 read(3, "\177ELF\2\1\1\3\0\0\0\0\0\0\0\0\3\0>\0\1\0\0\0\220\243\2\0\0\0\0\0@\0\0\0\0\0\0\0\20^ \0\0\0\0\0\0\0\0\0@\08\0\16\0@\0@\0?\0\6\0\0\0\4\0\0\0@\0\0\0\0\0\0\0@\0\0\0\0\0\0\0@\0\0\0\0\0\0\0\20\3\0\0\0\0\0\0\20\3\0\0\0\0\0\0\10\0\0\0\0\0\0\0\3\0\0\0\4\0\0\0\240g\35\0\0\0\0\0\240g\35\0\0\0\0\0\240g\35\0\0\0\0\0\34\0\0\0\0\0\0\0\34\0\0\0\0\0\0\0\20\0\0\0\0\0\0\0\1\0\0\0\4\0\0\0\0\0\0\0\0\0\0\0\0\0\0\0\0\0\0\0"..., 832) = 832
8591  09:37:45.208617 pread64(3, "\6\0\0\0\4\0\0\0@\0\0\0\0\0\0\0@\0\0\0\0\0\0\0@\0\0\0\0\0\0\0\20\3\0\0\0\0\0\0\20\3\0\0\0\0\0\0\10\0\0\0\0\0\0\0\3\0\0\0\4\0\0\0\240g\35\0\0\0\0\0\240g\35\0\0\0\0\0\240g\35\0\0\0\0\0\34\0\0\0\0\0\0\0\34\0\0\0\0\0\0\0\20\0\0\0\0\0\0\0\1\0\0\0\4\0\0\0\0\0\0\0\0\0\0\0\0\0\0\0\0\0\0\0\0\0\0\0\0\0\0\0\220s\2\0\0\0\0\0\220s\2\0\0\0\0\0\0\20\0\0\0\0\0\0\1\0\0\0\5\0\0\0\0\200\2\0\0\0\0\0\0\200\2\0\0\0\0\0\0\200\2\0\0\0\0\0"..., 784, 64) = 784
8591  09:37:45.208702 fstat(3, {st_mode=S_IFREG|0755, st_size=2125328, ...}) = 0
8591  09:37:45.208784 pread64(3, "\6\0\0\0\4\0\0\0@\0\0\0\0\0\0\0@\0\0\0\0\0\0\0@\0\0\0\0\0\0\0\20\3\0\0\0\0\0\0\20\3\0\0\0\0\0\0\10\0\0\0\0\0\0\0\3\0\0\0\4\0\0\0\240g\35\0\0\0\0\0\240g\35\0\0\0\0\0\240g\35\0\0\0\0\0\34\0\0\0\0\0\0\0\34\0\0\0\0\0\0\0\20\0\0\0\0\0\0\0\1\0\0\0\4\0\0\0\0\0\0\0\0\0\0\0\0\0\0\0\0\0\0\0\0\0\0\0\0\0\0\0\220s\2\0\0\0\0\0\220s\2\0\0\0\0\0\0\20\0\0\0\0\0\0\1\0\0\0\5\0\0\0\0\200\2\0\0\0\0\0\0\200\2\0\0\0\0\0\0\200\2\0\0\0\0\0"..., 784, 64) = 784
8591  09:37:45.208857 mmap(NULL, 2170256, PROT_READ, MAP_PRIVATE|MAP_DENYWRITE, 3, 0) = 0x7b3f7ea00000
8591  09:37:45.208941 mmap(0x7b3f7ea28000, 1605632, PROT_READ|PROT_EXEC, MAP_PRIVATE|MAP_FIXED|MAP_DENYWRITE, 3, 0x28000) = 0x7b3f7ea28000
8591  09:37:45.209018 mmap(0x7b3f7ebb0000, 323584, PROT_READ, MAP_PRIVATE|MAP_FIXED|MAP_DENYWRITE, 3, 0x1b0000) = 0x7b3f7ebb0000
8591  09:37:45.209107 mmap(0x7b3f7ebff000, 24576, PROT_READ|PROT_WRITE, MAP_PRIVATE|MAP_FIXED|MAP_DENYWRITE, 3, 0x1fe000) = 0x7b3f7ebff000
8591  09:37:45.209223 mmap(0x7b3f7ec05000, 52624, PROT_READ|PROT_WRITE, MAP_PRIVATE|MAP_FIXED|MAP_ANONYMOUS, -1, 0) = 0x7b3f7ec05000
8591  09:37:45.209363 close(3)          = 0
8591  09:37:45.209449 mmap(NULL, 12288, PROT_READ|PROT_WRITE, MAP_PRIVATE|MAP_ANONYMOUS, -1, 0) = 0x7b3f7ed5c000
8591  09:37:45.209796 arch_prctl(ARCH_SET_FS, 0x7b3f7ed5c740) = 0
8591  09:37:45.209993 set_tid_address(0x7b3f7ed5ca10) = 8591
8591  09:37:45.210154 set_robust_list(0x7b3f7ed5ca20, 24) = 0
8591  09:37:45.210367 rseq(0x7b3f7ed5d060, 0x20, 0, 0x53053053) = 0
8591  09:37:45.210537 mprotect(0x7b3f7ebff000, 16384, PROT_READ) = 0
8591  09:37:45.210638 mprotect(0x56c9d5717000, 4096, PROT_READ) = 0
8591  09:37:45.210728 mprotect(0x7b3f7edb1000, 8192, PROT_READ) = 0
8591  09:37:45.210977 prlimit64(0, RLIMIT_STACK, NULL, {rlim_cur=8192*1024, rlim_max=RLIM64_INFINITY}) = 0
8591  09:37:45.211084 munmap(0x7b3f7ed5f000, 71031) = 0
8591  09:37:45.211218 exit_group(0)     = ?
8591  09:37:45.211332 +++ exited with 0 +++
